<?xml version="1.0" encoding="UTF-8"?>
<!-- Generated by org.testng.reporters.JUnitReportReporter -->
<testsuite hostname="SandhyaMathi" failures="0" tests="4" name="TestNG.NewTest" time="42.458" errors="0" timestamp="2022-10-01T17:19:17 IST" skipped="0">
  <testcase classname="TestNG.NewTest" name="ValidateLoginScript" time="10.182"/>
  <system-out/>
  <testcase classname="TestNG.NewTest" name="addDetailToRegisterForm" time="8.512"/>
  <system-out/>
  <testcase classname="TestNG.NewTest" name="addToCart" time="7.889"/>
  <system-out/>
  <testcase classname="TestNG.NewTest" name="addDetailsToLoginForm" time="15.875"/>
  <system-out/>
</testsuite> <!-- TestNG.NewTest -->
